\BOOKMARK [0][-]{section*.2}{\376\377\144\130\000\040\211\201}{}% 1
\BOOKMARK [0][-]{section*.3}{\376\377\000A\000B\000S\000T\000R\000A\000C\000T}{}% 2
\BOOKMARK [0][-]{chapter.1}{\376\377\176\352\213\272}{}% 3
\BOOKMARK [1][-]{section.1.1}{\376\377\170\024\172\166\200\314\146\157\116\016\141\017\116\111}{chapter.1}% 4
\BOOKMARK [1][-]{section.1.2}{\376\377\126\375\121\205\131\026\170\024\172\166\163\260\162\266}{chapter.1}% 5
\BOOKMARK [1][-]{section.1.3}{\376\377\213\272\145\207\170\024\172\166\121\205\133\271}{chapter.1}% 6
\BOOKMARK [1][-]{section.1.4}{\376\377\213\272\145\207\172\340\202\202\133\211\143\222}{chapter.1}% 7
\BOOKMARK [1][-]{section.1.5}{\376\377\147\054\172\340\134\017\176\323}{chapter.1}% 8
\BOOKMARK [0][-]{chapter.2}{\376\377\166\370\121\163\164\006\213\272\116\016\121\163\225\056\142\200\147\057\127\372\170\100}{}% 9
\BOOKMARK [1][-]{section.2.1}{\376\377\142\151\145\143\152\041\127\213\127\372\147\054\123\237\164\006}{chapter.2}% 10
\BOOKMARK [2][-]{subsection.2.1.1}{\376\377\122\115\124\021\142\151\145\143\217\307\172\013}{section.2.1}% 11
\BOOKMARK [2][-]{subsection.2.1.2}{\376\377\123\315\124\021\123\273\126\152\217\307\172\013\116\016\213\255\176\303\166\356\150\007}{section.2.1}% 12
\BOOKMARK [1][-]{section.2.2}{\376\377\157\134\172\172\225\364\142\151\145\143\152\041\127\213\116\016\000S\000t\000a\000b\000l\000e\000\040\000D\000i\000f\000f\000u\000s\000i\000o\000n}{chapter.2}% 13
\BOOKMARK [2][-]{subsection.2.2.1}{\376\377\157\134\172\172\225\364\210\150\171\072\116\016\000V\000A\000E\123\213\177\051\147\072\122\066}{section.2.2}% 14
\BOOKMARK [2][-]{subsection.2.2.2}{\376\377\000U\000-\000N\000e\000t\123\273\126\152\177\121\176\334\116\016\116\244\123\311\154\350\141\017\122\233\147\141\116\366\154\350\121\145}{section.2.2}% 15
\BOOKMARK [1][-]{section.2.3}{\376\377\000L\000o\000R\000A\123\302\145\160\232\330\145\110\137\256\214\003\142\200\147\057}{chapter.2}% 16
\BOOKMARK [2][-]{subsection.2.3.1}{\376\377\000L\000o\000R\000A\166\204\127\372\147\054\123\237\164\006}{section.2.3}% 17
\BOOKMARK [2][-]{subsection.2.3.2}{\376\377\000L\000o\000R\000A\127\050\142\151\145\143\152\041\127\213\116\055\166\204\136\224\165\050\145\271\137\017}{section.2.3}% 18
\BOOKMARK [1][-]{section.2.4}{\376\377\211\306\211\311\040\024\213\355\212\000\230\204\213\255\176\303\116\016\145\160\143\156\150\007\154\350\142\200\147\057}{chapter.2}% 19
\BOOKMARK [2][-]{subsection.2.4.1}{\376\377\000C\000L\000I\000P\152\041\127\213}{section.2.4}% 20
\BOOKMARK [2][-]{subsection.2.4.2}{\376\377\000B\000L\000I\000P\116\016\000B\000L\000I\000P\000-\0002\201\352\122\250\150\007\154\350\147\072\122\066}{section.2.4}% 21
\BOOKMARK [1][-]{section.2.5}{\376\377\211\306\230\221\165\037\142\020\116\016\145\366\136\217\136\372\152\041\142\200\147\057}{chapter.2}% 22
\BOOKMARK [2][-]{subsection.2.5.1}{\376\377\127\372\116\216\142\151\145\143\152\041\127\213\166\204\211\306\230\221\165\037\142\020}{section.2.5}% 23
\BOOKMARK [2][-]{subsection.2.5.2}{\376\377\000A\000n\000i\000m\000a\000t\000e\000D\000i\000f\000f\217\320\122\250\152\041\127\127}{section.2.5}% 24
\BOOKMARK [1][-]{section.2.6}{\376\377\123\357\143\247\165\037\142\020\116\016\176\323\147\204\176\246\147\137\142\200\147\057}{chapter.2}% 25
\BOOKMARK [2][-]{subsection.2.6.1}{\376\377\000C\000o\000n\000t\000r\000o\000l\000N\000e\000t\147\141\116\366\143\247\122\066\147\072\122\066}{section.2.6}% 26
\BOOKMARK [2][-]{subsection.2.6.2}{\376\377\230\316\150\074\117\335\143\001\116\016\116\073\117\123\116\000\201\364\140\047\225\356\230\230}{section.2.6}% 27
\BOOKMARK [1][-]{section.2.7}{\376\377\147\054\172\340\134\017\176\323}{chapter.2}% 28
\BOOKMARK [0][-]{chapter.3}{\376\377\127\372\116\216\000L\000o\000R\000A\166\204\162\171\133\232\230\316\150\074\211\306\230\221\165\037\142\020\145\271\150\110\213\276\213\241\116\016\133\236\163\260}{}% 29
\BOOKMARK [1][-]{section.3.1}{\376\377\116\373\122\241\122\006\147\220\116\016\140\073\117\123\147\266\147\204\213\276\213\241}{chapter.3}% 30
\BOOKMARK [2][-]{subsection.3.1.1}{\376\377\170\024\172\166\166\356\150\007\116\016\217\223\121\145\217\223\121\372\133\232\116\111}{section.3.1}% 31
\BOOKMARK [2][-]{subsection.3.1.2}{\376\377\174\373\176\337\145\164\117\123\155\101\172\013\213\276\213\241}{section.3.1}% 32
\BOOKMARK [1][-]{section.3.2}{\376\377\145\160\143\156\226\306\147\204\136\372\116\016\230\204\131\004\164\006\152\041\127\127\213\276\213\241}{chapter.3}% 33
\BOOKMARK [2][-]{subsection.3.2.1}{\376\377\230\316\150\074\126\376\120\317\145\160\143\156\226\306\147\204\136\372}{section.3.2}% 34
\BOOKMARK [2][-]{subsection.3.2.2}{\376\377\126\376\120\317\145\160\143\156\230\204\131\004\164\006\116\016\121\103\145\160\143\156\133\374\121\372}{section.3.2}% 35
\BOOKMARK [2][-]{subsection.3.2.3}{\376\377\211\306\230\221\136\047\145\160\143\156\230\204\131\004\164\006\213\276\213\241}{section.3.2}% 36
\BOOKMARK [1][-]{section.3.3}{\376\377\127\372\116\216\000L\000o\000R\000A\166\204\230\316\150\074\133\146\116\140\152\041\127\213\213\276\213\241}{chapter.3}% 37
\BOOKMARK [2][-]{subsection.3.3.1}{\376\377\213\255\176\303\136\225\152\041\116\016\147\141\116\366\217\223\121\145\213\276\213\241}{section.3.3}% 38
\BOOKMARK [2][-]{subsection.3.3.2}{\376\377\000L\000o\000R\000A\154\350\121\145\173\126\165\145\116\016\123\302\145\160\221\115\177\156}{section.3.3}% 39
\BOOKMARK [2][-]{subsection.3.3.3}{\376\377\213\255\176\303\166\356\150\007\116\016\117\030\123\026\155\101\172\013}{section.3.3}% 40
\BOOKMARK [1][-]{section.3.4}{\376\377\165\037\142\020\116\016\213\304\117\060\152\041\127\127\133\236\163\260}{chapter.3}% 41
\BOOKMARK [2][-]{subsection.3.4.1}{\376\377\123\125\126\376\143\250\164\006\116\016\127\372\176\277\133\371\153\324\133\236\163\260}{section.3.4}% 42
\BOOKMARK [2][-]{subsection.3.4.2}{\376\377\167\355\211\306\230\221\165\037\142\020\123\237\127\213\133\236\163\260}{section.3.4}% 43
\BOOKMARK [2][-]{subsection.3.4.3}{\376\377\145\366\136\217\116\000\201\364\140\047\213\304\116\367\143\007\150\007\213\276\213\241}{section.3.4}% 44
\BOOKMARK [1][-]{section.3.5}{\376\377\121\163\225\056\173\227\154\325\143\317\217\360}{chapter.3}% 45
\BOOKMARK [2][-]{subsection.3.5.1}{\376\377\126\376\120\317\230\204\131\004\164\006\173\227\154\325}{section.3.5}% 46
\BOOKMARK [2][-]{subsection.3.5.2}{\376\377\000L\000o\000R\000A\213\255\176\303\173\227\154\325}{section.3.5}% 47
\BOOKMARK [2][-]{subsection.3.5.3}{\376\377\211\306\230\221\220\022\143\250\165\037\142\020\173\227\154\325}{section.3.5}% 48
\BOOKMARK [1][-]{section.3.6}{\376\377\147\054\172\340\134\017\176\323}{chapter.3}% 49
\BOOKMARK [0][-]{chapter.4}{\376\377\133\236\232\214\116\016\176\323\147\234\122\006\147\220}{}% 50
\BOOKMARK [1][-]{section.4.1}{\376\377\133\236\232\214\213\276\177\156}{chapter.4}% 51
\BOOKMARK [2][-]{subsection.4.1.1}{\376\377\133\236\232\214\166\356\150\007\116\016\232\214\213\301\140\035\215\357}{section.4.1}% 52
\BOOKMARK [2][-]{subsection.4.1.2}{\376\377\145\160\143\156\226\306\116\016\230\204\131\004\164\006\176\323\147\234}{section.4.1}% 53
\BOOKMARK [2][-]{subsection.4.1.3}{\376\377\133\236\232\214\163\257\130\203\116\016\123\302\145\160\221\115\177\156}{section.4.1}% 54
\BOOKMARK [2][-]{subsection.4.1.4}{\376\377\213\304\116\367\143\007\150\007\116\016\176\323\147\234\124\110\163\260\145\271\137\017}{section.4.1}% 55
\BOOKMARK [1][-]{section.4.2}{\376\377\126\376\120\317\230\316\150\074\133\146\116\140\133\236\232\214\176\323\147\234\122\006\147\220}{chapter.4}% 56
\BOOKMARK [2][-]{subsection.4.2.1}{\376\377\127\372\116\216\000S\000t\000a\000b\000l\000e\000\040\000D\000i\000f\000f\000u\000s\000i\000o\000n\000\040\0001\000.\0005\166\204\167\355\213\255\232\214\213\301\176\323\147\234}{section.4.2}% 57
\BOOKMARK [2][-]{subsection.4.2.2}{\376\377\000c\000a\000p\000t\000i\000o\000n\176\304\176\307\130\236\137\072\133\236\232\214\122\006\147\220}{section.4.2}% 58
\BOOKMARK [2][-]{subsection.4.2.3}{\376\377\116\015\124\014\136\225\152\041\225\177\213\255\176\323\147\234\153\324\217\203}{section.4.2}% 59
\BOOKMARK [2][-]{subsection.4.2.4}{\376\377\126\376\120\317\226\066\153\265\176\323\147\234\137\122\176\263}{section.4.2}% 60
\BOOKMARK [1][-]{section.4.3}{\376\377\211\306\230\221\123\237\127\213\133\236\232\214\116\016\145\366\136\217\116\000\201\364\140\047\122\006\147\220}{chapter.4}% 61
\BOOKMARK [2][-]{subsection.4.3.1}{\376\377\211\306\230\221\123\237\127\213\133\236\232\214\145\271\150\110}{section.4.3}% 62
\BOOKMARK [2][-]{subsection.4.3.2}{\376\377\145\366\136\217\116\000\201\364\140\047\133\232\221\317\176\323\147\234}{section.4.3}% 63
\BOOKMARK [2][-]{subsection.4.3.3}{\376\377\211\306\230\221\176\323\147\234\166\204\133\232\140\047\211\302\133\337\116\016\134\100\226\120}{section.4.3}% 64
\BOOKMARK [1][-]{section.4.4}{\376\377\133\236\232\214\213\250\213\272}{chapter.4}% 65
\BOOKMARK [2][-]{subsection.4.4.1}{\376\377\230\316\150\074\133\146\116\140\147\011\145\110\140\047\213\250\213\272}{section.4.4}% 66
\BOOKMARK [2][-]{subsection.4.4.2}{\376\377\143\007\150\007\116\016\116\073\211\302\211\302\141\037\135\356\137\002\166\204\123\237\126\340\122\006\147\220}{section.4.4}% 67
\BOOKMARK [2][-]{subsection.4.4.3}{\376\377\137\123\122\115\145\271\150\110\166\204\134\100\226\120\116\016\124\016\176\355\117\030\123\026\145\271\124\021}{section.4.4}% 68
\BOOKMARK [1][-]{section.4.5}{\376\377\147\054\172\340\134\017\176\323}{chapter.4}% 69
\BOOKMARK [0][-]{chapter.5}{\376\377\140\073\176\323\116\016\134\125\147\033}{}% 70
\BOOKMARK [1][-]{section.5.1}{\376\377\135\345\117\134\140\073\176\323}{chapter.5}% 71
\BOOKMARK [1][-]{section.5.2}{\376\377\170\024\172\166\134\125\147\033}{chapter.5}% 72
\BOOKMARK [0][-]{section*.19}{\376\377\123\302\200\003\145\207\163\056}{}% 73
\BOOKMARK [0][-]{section*.21}{\376\377\201\364\214\042}{}% 74
